<?xml version="1.0" encoding="UTF-8" ?>
<testsuite failures="0" time="0.017" errors="0" skipped="0" tests="1" name="com.dataknown.flume.sink.AppTest">
  <properties>
    <property name="java.runtime.name" value="Java(TM) SE Runtime Environment"/>
    <property name="sun.boot.library.path" value="D:\Java\jdk1.7.0_79\jre\bin"/>
    <property name="java.vm.version" value="24.79-b02"/>
    <property name="java.vm.vendor" value="Oracle Corporation"/>
    <property name="java.vendor.url" value="http://java.oracle.com/"/>
    <property name="path.separator" value=";"/>
    <property name="java.vm.name" value="Java HotSpot(TM) 64-Bit Server VM"/>
    <property name="file.encoding.pkg" value="sun.io"/>
    <property name="user.script" value=""/>
    <property name="user.country" value="CN"/>
    <property name="sun.java.launcher" value="SUN_STANDARD"/>
    <property name="sun.os.patch.level" value=""/>
    <property name="java.vm.specification.name" value="Java Virtual Machine Specification"/>
    <property name="user.dir" value="D:\workspace\sink"/>
    <property name="java.runtime.version" value="1.7.0_79-b15"/>
    <property name="java.awt.graphicsenv" value="sun.awt.Win32GraphicsEnvironment"/>
    <property name="basedir" value="D:\workspace\sink"/>
    <property name="java.endorsed.dirs" value="D:\Java\jdk1.7.0_79\jre\lib\endorsed"/>
    <property name="os.arch" value="amd64"/>
    <property name="surefire.real.class.path" value="D:\workspace\sink\target\surefire\surefirebooter3029424630749330540.jar"/>
    <property name="java.io.tmpdir" value="C:\Users\czc\AppData\Local\Temp\"/>
    <property name="line.separator" value="
"/>
    <property name="java.vm.specification.vendor" value="Oracle Corporation"/>
    <property name="user.variant" value=""/>
    <property name="os.name" value="Windows 8.1"/>
    <property name="sun.jnu.encoding" value="GBK"/>
    <property name="java.library.path" value="D:\Java\jdk1.7.0_79\jre\bin;C:\Windows\Sun\Java\bin;C:\Windows\system32;C:\Windows;D:\Java\jdk1.7.0_79\jre\bin;D:/Java/jdk1.8.0_91/bin/../jre/bin/server;D:/Java/jdk1.8.0_91/bin/../jre/bin;D:/Java/jdk1.8.0_91/bin/../jre/lib/amd64;C:\Program Files\Docker\Docker\Resources\bin;C:\Program Files (x86)\Common Files\NetSarang;C:\Windows\system32;C:\Windows;C:\Windows\System32\Wbem;C:\Windows\System32\WindowsPowerShell\v1.0\;C:\Program Files (x86)\NVIDIA Corporation\PhysX\Common;C:\Program Files (x86)\IDM Computer Solutions\UltraEdit;D:\Java\jdk1.8.0_91\bin;D:\Program Files\TortoiseSVN\bin;C:\Users\czc\AppData\Local\GitHubDesktop\app-0.6.2\resources\app\git\mingw64\bin;D:\Program Files\scala\bin;D:\Program Files\apache-maven-3.5.0\bin\;D:\Program Files\mysql-5.6.24-winx64\bin\;D:\Program Files\TortoiseGit\bin;C:\Users\czc\AppData\Local\Microsoft\WindowsApps;;D:\Program Files\eclipse;;."/>
    <property name="surefire.test.class.path" value="D:\workspace\sink\target\test-classes;D:\workspace\sink\target\classes;D:\Program Files\apache-maven-3.5.0\repository\junit\junit\3.8.1\junit-3.8.1.jar;D:\Program Files\apache-maven-3.5.0\repository\org\apache\flume\flume-ng-configuration\1.5.2\flume-ng-configuration-1.5.2.jar;D:\Program Files\apache-maven-3.5.0\repository\org\slf4j\slf4j-api\1.6.1\slf4j-api-1.6.1.jar;D:\Program Files\apache-maven-3.5.0\repository\org\slf4j\slf4j-log4j12\1.6.1\slf4j-log4j12-1.6.1.jar;D:\Program Files\apache-maven-3.5.0\repository\com\google\guava\guava\11.0.2\guava-11.0.2.jar;D:\Program Files\apache-maven-3.5.0\repository\com\google\code\findbugs\jsr305\1.3.9\jsr305-1.3.9.jar;D:\Program Files\apache-maven-3.5.0\repository\org\apache\flume\flume-ng-sdk\1.5.2\flume-ng-sdk-1.5.2.jar;D:\Program Files\apache-maven-3.5.0\repository\org\apache\flume\flume-ng-core\1.6.0\flume-ng-core-1.6.0.jar;D:\Program Files\apache-maven-3.5.0\repository\org\apache\flume\flume-ng-auth\1.6.0\flume-ng-auth-1.6.0.jar;D:\Program Files\apache-maven-3.5.0\repository\commons-io\commons-io\2.1\commons-io-2.1.jar;D:\Program Files\apache-maven-3.5.0\repository\commons-codec\commons-codec\1.8\commons-codec-1.8.jar;D:\Program Files\apache-maven-3.5.0\repository\log4j\log4j\1.2.17\log4j-1.2.17.jar;D:\Program Files\apache-maven-3.5.0\repository\commons-cli\commons-cli\1.2\commons-cli-1.2.jar;D:\Program Files\apache-maven-3.5.0\repository\commons-lang\commons-lang\2.5\commons-lang-2.5.jar;D:\Program Files\apache-maven-3.5.0\repository\org\apache\avro\avro\1.7.4\avro-1.7.4.jar;D:\Program Files\apache-maven-3.5.0\repository\org\codehaus\jackson\jackson-core-asl\1.8.8\jackson-core-asl-1.8.8.jar;D:\Program Files\apache-maven-3.5.0\repository\org\codehaus\jackson\jackson-mapper-asl\1.8.8\jackson-mapper-asl-1.8.8.jar;D:\Program Files\apache-maven-3.5.0\repository\com\thoughtworks\paranamer\paranamer\2.3\paranamer-2.3.jar;D:\Program Files\apache-maven-3.5.0\repository\org\xerial\snappy\snappy-java\1.0.4.1\snappy-java-1.0.4.1.jar;D:\Program Files\apache-maven-3.5.0\repository\org\apache\commons\commons-compress\1.4.1\commons-compress-1.4.1.jar;D:\Program Files\apache-maven-3.5.0\repository\org\tukaani\xz\1.0\xz-1.0.jar;D:\Program Files\apache-maven-3.5.0\repository\org\apache\avro\avro-ipc\1.7.4\avro-ipc-1.7.4.jar;D:\Program Files\apache-maven-3.5.0\repository\org\apache\velocity\velocity\1.7\velocity-1.7.jar;D:\Program Files\apache-maven-3.5.0\repository\commons-collections\commons-collections\3.2.1\commons-collections-3.2.1.jar;D:\Program Files\apache-maven-3.5.0\repository\io\netty\netty\3.5.12.Final\netty-3.5.12.Final.jar;D:\Program Files\apache-maven-3.5.0\repository\joda-time\joda-time\2.1\joda-time-2.1.jar;D:\Program Files\apache-maven-3.5.0\repository\org\mortbay\jetty\servlet-api\2.5-20110124\servlet-api-2.5-20110124.jar;D:\Program Files\apache-maven-3.5.0\repository\org\mortbay\jetty\jetty-util\6.1.26\jetty-util-6.1.26.jar;D:\Program Files\apache-maven-3.5.0\repository\org\mortbay\jetty\jetty\6.1.26\jetty-6.1.26.jar;D:\Program Files\apache-maven-3.5.0\repository\com\google\code\gson\gson\2.2.2\gson-2.2.2.jar;D:\Program Files\apache-maven-3.5.0\repository\org\apache\thrift\libthrift\0.9.0\libthrift-0.9.0.jar;D:\Program Files\apache-maven-3.5.0\repository\org\apache\httpcomponents\httpclient\4.1.3\httpclient-4.1.3.jar;D:\Program Files\apache-maven-3.5.0\repository\commons-logging\commons-logging\1.1.1\commons-logging-1.1.1.jar;D:\Program Files\apache-maven-3.5.0\repository\org\apache\httpcomponents\httpcore\4.1.3\httpcore-4.1.3.jar;D:\Program Files\apache-maven-3.5.0\repository\org\apache\mina\mina-core\2.0.4\mina-core-2.0.4.jar;D:\Program Files\apache-maven-3.5.0\repository\org\postgresql\postgresql\42.1.4.jre7\postgresql-42.1.4.jre7.jar;"/>
    <property name="java.specification.name" value="Java Platform API Specification"/>
    <property name="java.class.version" value="51.0"/>
    <property name="sun.management.compiler" value="HotSpot 64-Bit Tiered Compilers"/>
    <property name="os.version" value="6.3"/>
    <property name="user.home" value="C:\Users\czc"/>
    <property name="user.timezone" value=""/>
    <property name="java.awt.printerjob" value="sun.awt.windows.WPrinterJob"/>
    <property name="java.specification.version" value="1.7"/>
    <property name="file.encoding" value="GBK"/>
    <property name="user.name" value="czc"/>
    <property name="java.class.path" value="D:\workspace\sink\target\test-classes;D:\workspace\sink\target\classes;D:\Program Files\apache-maven-3.5.0\repository\junit\junit\3.8.1\junit-3.8.1.jar;D:\Program Files\apache-maven-3.5.0\repository\org\apache\flume\flume-ng-configuration\1.5.2\flume-ng-configuration-1.5.2.jar;D:\Program Files\apache-maven-3.5.0\repository\org\slf4j\slf4j-api\1.6.1\slf4j-api-1.6.1.jar;D:\Program Files\apache-maven-3.5.0\repository\org\slf4j\slf4j-log4j12\1.6.1\slf4j-log4j12-1.6.1.jar;D:\Program Files\apache-maven-3.5.0\repository\com\google\guava\guava\11.0.2\guava-11.0.2.jar;D:\Program Files\apache-maven-3.5.0\repository\com\google\code\findbugs\jsr305\1.3.9\jsr305-1.3.9.jar;D:\Program Files\apache-maven-3.5.0\repository\org\apache\flume\flume-ng-sdk\1.5.2\flume-ng-sdk-1.5.2.jar;D:\Program Files\apache-maven-3.5.0\repository\org\apache\flume\flume-ng-core\1.6.0\flume-ng-core-1.6.0.jar;D:\Program Files\apache-maven-3.5.0\repository\org\apache\flume\flume-ng-auth\1.6.0\flume-ng-auth-1.6.0.jar;D:\Program Files\apache-maven-3.5.0\repository\commons-io\commons-io\2.1\commons-io-2.1.jar;D:\Program Files\apache-maven-3.5.0\repository\commons-codec\commons-codec\1.8\commons-codec-1.8.jar;D:\Program Files\apache-maven-3.5.0\repository\log4j\log4j\1.2.17\log4j-1.2.17.jar;D:\Program Files\apache-maven-3.5.0\repository\commons-cli\commons-cli\1.2\commons-cli-1.2.jar;D:\Program Files\apache-maven-3.5.0\repository\commons-lang\commons-lang\2.5\commons-lang-2.5.jar;D:\Program Files\apache-maven-3.5.0\repository\org\apache\avro\avro\1.7.4\avro-1.7.4.jar;D:\Program Files\apache-maven-3.5.0\repository\org\codehaus\jackson\jackson-core-asl\1.8.8\jackson-core-asl-1.8.8.jar;D:\Program Files\apache-maven-3.5.0\repository\org\codehaus\jackson\jackson-mapper-asl\1.8.8\jackson-mapper-asl-1.8.8.jar;D:\Program Files\apache-maven-3.5.0\repository\com\thoughtworks\paranamer\paranamer\2.3\paranamer-2.3.jar;D:\Program Files\apache-maven-3.5.0\repository\org\xerial\snappy\snappy-java\1.0.4.1\snappy-java-1.0.4.1.jar;D:\Program Files\apache-maven-3.5.0\repository\org\apache\commons\commons-compress\1.4.1\commons-compress-1.4.1.jar;D:\Program Files\apache-maven-3.5.0\repository\org\tukaani\xz\1.0\xz-1.0.jar;D:\Program Files\apache-maven-3.5.0\repository\org\apache\avro\avro-ipc\1.7.4\avro-ipc-1.7.4.jar;D:\Program Files\apache-maven-3.5.0\repository\org\apache\velocity\velocity\1.7\velocity-1.7.jar;D:\Program Files\apache-maven-3.5.0\repository\commons-collections\commons-collections\3.2.1\commons-collections-3.2.1.jar;D:\Program Files\apache-maven-3.5.0\repository\io\netty\netty\3.5.12.Final\netty-3.5.12.Final.jar;D:\Program Files\apache-maven-3.5.0\repository\joda-time\joda-time\2.1\joda-time-2.1.jar;D:\Program Files\apache-maven-3.5.0\repository\org\mortbay\jetty\servlet-api\2.5-20110124\servlet-api-2.5-20110124.jar;D:\Program Files\apache-maven-3.5.0\repository\org\mortbay\jetty\jetty-util\6.1.26\jetty-util-6.1.26.jar;D:\Program Files\apache-maven-3.5.0\repository\org\mortbay\jetty\jetty\6.1.26\jetty-6.1.26.jar;D:\Program Files\apache-maven-3.5.0\repository\com\google\code\gson\gson\2.2.2\gson-2.2.2.jar;D:\Program Files\apache-maven-3.5.0\repository\org\apache\thrift\libthrift\0.9.0\libthrift-0.9.0.jar;D:\Program Files\apache-maven-3.5.0\repository\org\apache\httpcomponents\httpclient\4.1.3\httpclient-4.1.3.jar;D:\Program Files\apache-maven-3.5.0\repository\commons-logging\commons-logging\1.1.1\commons-logging-1.1.1.jar;D:\Program Files\apache-maven-3.5.0\repository\org\apache\httpcomponents\httpcore\4.1.3\httpcore-4.1.3.jar;D:\Program Files\apache-maven-3.5.0\repository\org\apache\mina\mina-core\2.0.4\mina-core-2.0.4.jar;D:\Program Files\apache-maven-3.5.0\repository\org\postgresql\postgresql\42.1.4.jre7\postgresql-42.1.4.jre7.jar;"/>
    <property name="java.vm.specification.version" value="1.7"/>
    <property name="sun.arch.data.model" value="64"/>
    <property name="java.home" value="D:\Java\jdk1.7.0_79\jre"/>
    <property name="sun.java.command" value="D:\workspace\sink\target\surefire\surefirebooter3029424630749330540.jar D:\workspace\sink\target\surefire\surefire9166179465924818570tmp D:\workspace\sink\target\surefire\surefire6086195414310406018tmp"/>
    <property name="java.specification.vendor" value="Oracle Corporation"/>
    <property name="user.language" value="zh"/>
    <property name="awt.toolkit" value="sun.awt.windows.WToolkit"/>
    <property name="java.vm.info" value="mixed mode"/>
    <property name="java.version" value="1.7.0_79"/>
    <property name="java.ext.dirs" value="D:\Java\jdk1.7.0_79\jre\lib\ext;C:\Windows\Sun\Java\lib\ext"/>
    <property name="sun.boot.class.path" value="D:\Java\jdk1.7.0_79\jre\lib\resources.jar;D:\Java\jdk1.7.0_79\jre\lib\rt.jar;D:\Java\jdk1.7.0_79\jre\lib\sunrsasign.jar;D:\Java\jdk1.7.0_79\jre\lib\jsse.jar;D:\Java\jdk1.7.0_79\jre\lib\jce.jar;D:\Java\jdk1.7.0_79\jre\lib\charsets.jar;D:\Java\jdk1.7.0_79\jre\lib\jfr.jar;D:\Java\jdk1.7.0_79\jre\classes"/>
    <property name="java.vendor" value="Oracle Corporation"/>
    <property name="localRepository" value="D:\Program Files\apache-maven-3.5.0\repository"/>
    <property name="file.separator" value="\"/>
    <property name="java.vendor.url.bug" value="http://bugreport.sun.com/bugreport/"/>
    <property name="sun.cpu.endian" value="little"/>
    <property name="sun.io.unicode.encoding" value="UnicodeLittle"/>
    <property name="sun.desktop" value="windows"/>
    <property name="sun.cpu.isalist" value="amd64"/>
  </properties>
  <testcase time="0.001" classname="com.dataknown.flume.sink.AppTest" name="testApp"/>
</testsuite>